<?xml version="1.0" encoding="UTF-8"?>
<testsuite name="ComputerRepairRequestTest" tests="2" skipped="0" failures="0" errors="0" timestamp="2024-03-04T16:05:05" hostname="DESKTOP-B37SS2L" time="0.061">
  <properties/>
  <testcase name="First test" classname="ComputerRepairRequestTest" time="0.051"/>
  <testcase name="Test exemplu" classname="ComputerRepairRequestTest" time="0.003"/>
  <system-out><![CDATA[]]></system-out>
  <system-err><![CDATA[]]></system-err>
</testsuite>
