<?xml version="1.0" encoding="UTF-8"?>
<testsuite name="ComputerRepairRequestTest" tests="2" skipped="0" failures="0" errors="0" timestamp="2024-03-04T15:31:09" hostname="DESKTOP-B37SS2L" time="0.021">
  <properties/>
  <testcase name="First test" classname="ComputerRepairRequestTest" time="0.017"/>
  <testcase name="Test exemplu" classname="ComputerRepairRequestTest" time="0.002"/>
  <system-out><![CDATA[]]></system-out>
  <system-err><![CDATA[]]></system-err>
</testsuite>
